<?xml version="1.0" encoding="UTF-8"?>
<!-- Generated by org.testng.reporters.JUnitXMLReporter -->
<testsuite ignored="0" hostname="LAPTOP-9VEPTGSE" failures="0" tests="1" name="Test Runer 2" time="25.79" errors="0" timestamp="2024-07-31T15:44:56 IST">
  <testcase classname="GenericUtilities.BaseClass" name="@BeforeClass classConfiguration" time="2.127">
    <failure type="org.openqa.selenium.remote.NoSuchDriverException" message="Unable to obtain: geckodriver, error Command failed with code: 65, executed: [--browser, firefox, --language-binding, java, --output, json]
error sending request for url (https://github.com/mozilla/geckodriver/releases/latest)
Build info: version: &amp;apos;4.20.0&amp;apos;, revision: &amp;apos;866c76ca80&amp;apos;
System info: os.name: &amp;apos;Windows 11&amp;apos;, os.arch: &amp;apos;amd64&amp;apos;, os.version: &amp;apos;10.0&amp;apos;, java.version: &amp;apos;17.0.9&amp;apos;
Driver info: driver.version: FirefoxDriver">
      <![CDATA[org.openqa.selenium.remote.NoSuchDriverException: Unable to obtain: geckodriver, error Command failed with code: 65, executed: [--browser, firefox, --language-binding, java, --output, json]
error sending request for url (https://github.com/mozilla/geckodriver/releases/latest)
Build info: version: '4.20.0', revision: '866c76ca80'
System info: os.name: 'Windows 11', os.arch: 'amd64', os.version: '10.0', java.version: '17.0.9'
Driver info: driver.version: FirefoxDriver
at org.openqa.selenium.remote.service.DriverFinder.getBinaryPaths(DriverFinder.java:121)
at org.openqa.selenium.remote.service.DriverFinder.getDriverPath(DriverFinder.java:55)
at org.openqa.selenium.firefox.FirefoxDriver.generateExecutor(FirefoxDriver.java:141)
at org.openqa.selenium.firefox.FirefoxDriver.<init>(FirefoxDriver.java:132)
at org.openqa.selenium.firefox.FirefoxDriver.<init>(FirefoxDriver.java:127)
at org.openqa.selenium.firefox.FirefoxDriver.<init>(FirefoxDriver.java:112)
at org.openqa.selenium.firefox.FirefoxDriver.<init>(FirefoxDriver.java:102)
at GenericUtilities.WebDriverUtility.launchBrowser(WebDriverUtility.java:49)
at GenericUtilities.BaseClass.classConfiguration(BaseClass.java:44)
at java.base/java.util.ArrayList.forEach(ArrayList.java:1511)
at java.base/java.util.concurrent.FutureTask.run(FutureTask.java:264)
at java.base/java.util.concurrent.ThreadPoolExecutor.runWorker(ThreadPoolExecutor.java:1136)
at java.base/java.util.concurrent.ThreadPoolExecutor$Worker.run(ThreadPoolExecutor.java:635)
at java.base/java.lang.Thread.run(Thread.java:840)
Caused by: org.openqa.selenium.WebDriverException: Command failed with code: 65, executed: [--browser, firefox, --language-binding, java, --output, json]
error sending request for url (https://github.com/mozilla/geckodriver/releases/latest)
Build info: version: '4.20.0', revision: '866c76ca80'
System info: os.name: 'Windows 11', os.arch: 'amd64', os.version: '10.0', java.version: '17.0.9'
Driver info: driver.version: FirefoxDriver
at org.openqa.selenium.manager.SeleniumManager.runCommand(SeleniumManager.java:153)
at org.openqa.selenium.manager.SeleniumManager.getBinaryPaths(SeleniumManager.java:228)
at org.openqa.selenium.remote.service.DriverFinder.getBinaryPaths(DriverFinder.java:102)
... 28 more
... Removed 15 stack frames]]>
    </failure>
  </testcase> <!-- @BeforeClass classConfiguration -->
  <testcase classname="GenericUtilities.BaseClass" name="@BeforeMethod methodConfiguration" time="0.0">
    <skipped/>
  </testcase> <!-- @BeforeMethod methodConfiguration -->
  <testcase classname="GenericUtilities.BaseClass" name="@AfterMethod methodTeardown" time="0.0">
    <skipped/>
  </testcase> <!-- @AfterMethod methodTeardown -->
  <testcase classname="GenericUtilities.BaseClass" name="@AfterClass classTeardown" time="0.0">
    <skipped/>
  </testcase> <!-- @AfterClass classTeardown -->
  <testcase classname="TestNGImplementation.CreateEventTest" name="createEventTest" time="11.447"/>
</testsuite> <!-- Test Runer 2 -->
