<?xml version="1.0" encoding="UTF-8"?>
<!-- Generated by org.testng.reporters.JUnitXMLReporter -->
<testsuite ignored="0" hostname="LAPTOP-9VEPTGSE" failures="0" tests="2" name="Test Runner 2" time="62.372" errors="0" timestamp="2024-07-31T15:31:18 IST">
  <testcase classname="TestNGImplementation.CreateAndDuplicateLeadTest" name="createAndDuplicateLeadTest" time="19.066"/>
  <testcase classname="TestNGImplementation.CreateOrgWithTypeAndIndustryTest" name="createOrgWithTypeAndIndustryTest" time="12.196"/>
</testsuite> <!-- Test Runner 2 -->
