<?xml version="1.0" encoding="UTF-8"?>
<!-- Generated by org.testng.reporters.JUnitXMLReporter -->
<testsuite ignored="0" hostname="LAPTOP-9VEPTGSE" failures="0" tests="2" name="Test Runner 1" time="53.483" errors="0" timestamp="2024-07-31T15:31:09 IST">
  <testcase classname="TestNGImplementation.CreateEventTest" name="createEventTest" time="12.965"/>
  <testcase classname="TestNGImplementation.CreateOrganizationTest" name="createOrgTest" time="16.635"/>
</testsuite> <!-- Test Runner 1 -->
