<?xml version="1.0" encoding="UTF-8"?>
<testng-results ignored="0" total="1" passed="1" failed="0" skipped="0">
  <reporter-output>
    <line>
      <![CDATA[demo]]>
    </line>
  </reporter-output>
  <suite started-at="2024-08-03T11:40:51 IST" name="Suite" finished-at="2024-08-03T11:40:51 IST" duration-ms="99">
    <groups>
    </groups>
    <test started-at="2024-08-03T11:40:51 IST" name="Test" finished-at="2024-08-03T11:40:51 IST" duration-ms="99">
      <class name="testng.RetryTest">
        <test-method signature="demo()[pri:0, instance:testng.RetryTest@506ae4d4]" started-at="2024-08-03T11:40:51 IST" name="demo" finished-at="2024-08-03T11:40:51 IST" duration-ms="23" status="PASS">
          <reporter-output>
            <line>
              <![CDATA[demo]]>
            </line>
          </reporter-output>
        </test-method> <!-- demo -->
      </class> <!-- testng.RetryTest -->
    </test> <!-- Test -->
  </suite> <!-- Suite -->
</testng-results>
